<?xml version="1.0" encoding="UTF-8"?>
<!-- Generated by org.testng.reporters.JUnitReportReporter -->
<testsuite hostname="DESKTOP-L96QS4U" failures="0" tests="3" name="practice.A" time="0.017" errors="0" timestamp="2023-12-07T16:31:51 IST" skipped="0">
  <testcase classname="practice.A" name="TC2" time="0.003"/>
  <system-out>
    <![CDATA[Ashwini]]>
  </system-out>
  <testcase classname="practice.A" name="TC1" time="0.012"/>
  <system-out>
    <![CDATA[rizwana]]>
  </system-out>
  <testcase classname="practice.A" name="TC4" time="0.002"/>
  <system-out>
    <![CDATA[Ashmita]]>
  </system-out>
</testsuite> <!-- practice.A -->
