<?xml version="1.0" encoding="UTF-8"?>
<!-- Generated by org.testng.reporters.JUnitReportReporter -->
<testsuite hostname="DESKTOP-L96QS4U" failures="0" tests="1" name="practice.TestNg1" time="0.006" errors="0" timestamp="2023-12-21T17:36:39 IST" skipped="0">
  <testcase classname="practice.TestNg1" name="userid" time="0.006"/>
  <system-out>
    <![CDATA[runningverify]]>
  </system-out>
</testsuite> <!-- practice.TestNg1 -->
