<?xml version="1.0" encoding="UTF-8"?>
<!-- Generated by org.testng.reporters.JUnitReportReporter -->
<testsuite hostname="DESKTOP-L96QS4U" failures="0" tests="1" name="practicetask.Testexcel2" time="0.879" errors="0" timestamp="2024-01-22T17:26:30 IST" skipped="0">
  <testcase classname="practicetask.Testexcel2" name="read" time="0.879"/>
  <system-out/>
</testsuite> <!-- practicetask.Testexcel2 -->
