<?xml version="1.0" encoding="UTF-8"?>
<!-- Generated by org.testng.reporters.JUnitReportReporter -->
<testsuite hostname="DESKTOP-L96QS4U" failures="0" tests="1" name="BatchExecution.Sample3" time="0.001" errors="0" timestamp="2024-01-10T17:54:50 IST" skipped="0">
  <testcase classname="BatchExecution.Sample3" name="TC7" time="0.001"/>
  <system-out>
    <![CDATA[running tc7,true]]>
  </system-out>
</testsuite> <!-- BatchExecution.Sample3 -->
