<?xml version="1.0" encoding="UTF-8"?>
<!-- Generated by org.testng.reporters.JUnitReportReporter -->
<testsuite hostname="DESKTOP-L96QS4U" failures="0" tests="1" name="practicetask.Exceldata" time="0.727" errors="0" timestamp="2024-01-21T21:01:41 IST" skipped="0">
  <testcase classname="practicetask.Exceldata" name="excelread" time="0.727"/>
  <system-out/>
</testsuite> <!-- practicetask.Exceldata -->
