<?xml version="1.0" encoding="UTF-8"?>
<!-- Generated by org.testng.reporters.JUnitReportReporter -->
<testsuite hostname="DESKTOP-L96QS4U" failures="0" tests="1" name="practicetask.Testexcel" time="1.002" errors="0" timestamp="2024-01-22T16:48:29 IST" skipped="0">
  <testcase classname="practicetask.Testexcel" name="read" time="1.002"/>
  <system-out/>
</testsuite> <!-- practicetask.Testexcel -->
