<?xml version="1.0" encoding="UTF-8"?>
<!-- Generated by org.testng.reporters.JUnitReportReporter -->
<testsuite hostname="DESKTOP-L96QS4U" failures="0" tests="3" name="practice.Prioritytest" time="0.013" errors="0" timestamp="2023-12-22T12:47:36 IST" skipped="0">
  <testcase classname="practice.Prioritytest" name="TC3" time="0.011"/>
  <system-out>
    <![CDATA[running TC3]]>
  </system-out>
  <testcase classname="practice.Prioritytest" name="TC2" time="0.001"/>
  <system-out>
    <![CDATA[running TC2]]>
  </system-out>
  <testcase classname="practice.Prioritytest" name="TC1" time="0.001"/>
  <system-out>
    <![CDATA[running TC1]]>
  </system-out>
</testsuite> <!-- practice.Prioritytest -->
