<?xml version="1.0" encoding="UTF-8"?>
<!-- Generated by org.testng.reporters.JUnitReportReporter -->
<testsuite hostname="DESKTOP-L96QS4U" failures="0" tests="3" name="BatchExecution.Sample1" time="0.011" errors="0" timestamp="2024-01-10T17:54:50 IST" skipped="0">
  <testcase classname="BatchExecution.Sample1" name="Tc1" time="0.010"/>
  <system-out>
    <![CDATA[running Tc1,true]]>
  </system-out>
  <testcase classname="BatchExecution.Sample1" name="Tc2" time="0.001"/>
  <system-out>
    <![CDATA[running Tc2,true]]>
  </system-out>
  <testcase classname="BatchExecution.Sample1" name="Tc3" time="0.000"/>
  <system-out>
    <![CDATA[running Tc3,true]]>
  </system-out>
</testsuite> <!-- BatchExecution.Sample1 -->
