<?xml version="1.0" encoding="UTF-8"?>
<!-- Generated by org.testng.reporters.JUnitReportReporter -->
<testsuite hostname="DESKTOP-L96QS4U" failures="0" tests="4" name="practicetask.Dataprotest" time="18.822" errors="0" timestamp="2024-01-22T17:51:26 IST" skipped="0">
  <testcase classname="practicetask.Dataprotest" name="tc1" time="6.949"/>
  <system-out/>
  <testcase classname="practicetask.Dataprotest" name="tc1" time="3.715"/>
  <system-out/>
  <testcase classname="practicetask.Dataprotest" name="tc1" time="3.416"/>
  <system-out/>
  <testcase classname="practicetask.Dataprotest" name="tc1" time="4.742"/>
  <system-out/>
</testsuite> <!-- practicetask.Dataprotest -->
