<?xml version="1.0" encoding="UTF-8"?>
<!-- Generated by org.testng.reporters.JUnitReportReporter -->
<testsuite hostname="DESKTOP-L96QS4U" failures="0" tests="4" name="practice.Invocationcountkeyword" time="0.010" errors="0" timestamp="2023-12-22T12:38:03 IST" skipped="0">
  <testcase classname="practice.Invocationcountkeyword" name="TC1" time="0.001"/>
  <system-out>
    <![CDATA[running TC1]]>
  </system-out>
  <testcase classname="practice.Invocationcountkeyword" name="TC1" time="0.000"/>
  <system-out>
    <![CDATA[running TC1]]>
  </system-out>
  <testcase classname="practice.Invocationcountkeyword" name="TC1" time="0.000"/>
  <system-out>
    <![CDATA[running TC1]]>
  </system-out>
  <testcase classname="practice.Invocationcountkeyword" name="TC1" time="0.009"/>
  <system-out>
    <![CDATA[running TC1]]>
  </system-out>
</testsuite> <!-- practice.Invocationcountkeyword -->
