<?xml version="1.0" encoding="UTF-8"?>
<!-- Generated by org.testng.reporters.JUnitReportReporter -->
<testsuite hostname="DESKTOP-L96QS4U" failures="0" tests="1" name="practice.Exceldata" time="0.866" errors="0" timestamp="2024-01-19T17:39:13 IST" skipped="0">
  <testcase classname="practice.Exceldata" name="excelread" time="0.866"/>
  <system-out/>
</testsuite> <!-- practice.Exceldata -->
