<?xml version="1.0" encoding="UTF-8"?>
<!-- Generated by org.testng.reporters.JUnitReportReporter -->
<testsuite hostname="DESKTOP-L96QS4U" failures="0" tests="1" name="practice.Annotations" time="0.015" errors="0" timestamp="2023-12-22T12:28:25 IST" skipped="0">
  <testcase classname="practice.Annotations" name="TC" time="0.015"/>
  <system-out/>
</testsuite> <!-- practice.Annotations -->
